<?xml version="1.0" encoding="UTF-8"?>
<!-- Generated by org.testng.reporters.JUnitXMLReporter -->
<testsuite ignored="0" hostname="Alekh" failures="1" tests="1" name="Default test" time="26.794" errors="0" timestamp="2024-03-01T10:49:54 IST">
  <testcase classname="io.cucumber.testng.AbstractTestNGCucumberTests" name="Login Functionality" time="25.793">
    <failure type="java.lang.AssertionError" message="expected [true] but found [false]">
      <![CDATA[java.lang.AssertionError: expected [true] but found [false]
at org.testng.Assert.fail(Assert.java:110)
at org.testng.Assert.failNotEquals(Assert.java:1577)
at org.testng.Assert.assertTrue(Assert.java:56)
at org.testng.Assert.assertTrue(Assert.java:66)
at Stepdefination.LoginStepDefinitions.the_user_should_be_logged_in_successfully(LoginStepDefinitions.java:85)
at ✽.the user should be logged in successfully(file:///C:/Users/Dell/git/repository/com.affnetz/src/test/java/Feature_files/loginPage.feature:9)
]]>
    </failure>
  </testcase> <!-- Login Functionality -->
</testsuite> <!-- Default test -->
