<?xml version="1.0" encoding="UTF-8"?>
<testng-results ignored="0" total="3" passed="3" failed="0" skipped="0">
  <reporter-output>
  </reporter-output>
  <suite started-at="2024-03-04T11:49:26 IST" name="Affnetz Test Suite" finished-at="2024-03-04T11:51:21 IST" duration-ms="114183">
    <groups>
      <group name="cucumber">
        <method signature="AbstractTestNGCucumberTests.runScenario(io.cucumber.testng.PickleWrapper,io.cucumber.testng.FeatureWrapper)[pri:0, instance:Test_Runner.LoginPageRunner@25641d39]" name="runScenario" class="io.cucumber.testng.AbstractTestNGCucumberTests"/>
        <method signature="AbstractTestNGCucumberTests.runScenario(io.cucumber.testng.PickleWrapper,io.cucumber.testng.FeatureWrapper)[pri:0, instance:Test_Runner.PublicDonationRunner@793f29ff]" name="runScenario" class="io.cucumber.testng.AbstractTestNGCucumberTests"/>
      </group> <!-- cucumber -->
    </groups>
    <test started-at="2024-03-04T11:49:26 IST" name="Login functionality" finished-at="2024-03-04T11:50:12 IST" duration-ms="45466">
      <class name="Test_Runner.LoginPageRunner">
        <test-method is-config="true" signature="setUpClass(org.testng.ITestContext)[pri:0, instance:Test_Runner.LoginPageRunner@25641d39]" started-at="2024-03-04T11:49:27 IST" name="setUpClass" test-instance-name="Login Functionality" finished-at="2024-03-04T11:49:28 IST" duration-ms="1067" status="PASS">
          <params>
            <param index="0">
              <value>
                <![CDATA[org.testng.TestRunner@239f017e]]>
              </value>
            </param>
          </params>
          <reporter-output>
          </reporter-output>
        </test-method> <!-- setUpClass -->
        <test-method signature="runScenario(io.cucumber.testng.PickleWrapper,io.cucumber.testng.FeatureWrapper)[pri:0, instance:Test_Runner.LoginPageRunner@25641d39]" started-at="2024-03-04T11:49:28 IST" name="runScenario" description="Runs Cucumber Scenarios" data-provider="scenarios" test-instance-name="Login Functionality" finished-at="2024-03-04T11:49:51 IST" duration-ms="23109" status="PASS">
          <params>
            <param index="0">
              <value>
                <![CDATA["Unsuccessful login with invalid credentials"]]>
              </value>
            </param>
            <param index="1">
              <value>
                <![CDATA["User Login"]]>
              </value>
            </param>
          </params>
          <reporter-output>
          </reporter-output>
        </test-method> <!-- runScenario -->
        <test-method signature="runScenario(io.cucumber.testng.PickleWrapper,io.cucumber.testng.FeatureWrapper)[pri:0, instance:Test_Runner.LoginPageRunner@25641d39]" started-at="2024-03-04T11:49:51 IST" name="runScenario" description="Runs Cucumber Scenarios" data-provider="scenarios" test-instance-name="Login Functionality" finished-at="2024-03-04T11:50:12 IST" duration-ms="21097" status="PASS">
          <params>
            <param index="0">
              <value>
                <![CDATA["Unsuccessful login with invalid credentials"]]>
              </value>
            </param>
            <param index="1">
              <value>
                <![CDATA["User Login"]]>
              </value>
            </param>
          </params>
          <reporter-output>
          </reporter-output>
        </test-method> <!-- runScenario -->
        <test-method is-config="true" signature="tearDownClass()[pri:0, instance:Test_Runner.LoginPageRunner@25641d39]" started-at="2024-03-04T11:50:12 IST" name="tearDownClass" test-instance-name="Login Functionality" finished-at="2024-03-04T11:50:12 IST" duration-ms="79" status="PASS">
          <reporter-output>
          </reporter-output>
        </test-method> <!-- tearDownClass -->
      </class> <!-- Test_Runner.LoginPageRunner -->
    </test> <!-- Login functionality -->
    <test started-at="2024-03-04T11:50:12 IST" name="Public Donation Functionality" finished-at="2024-03-04T11:51:21 IST" duration-ms="68574">
      <class name="Test_Runner.PublicDonationRunner">
        <test-method is-config="true" signature="setUpClass(org.testng.ITestContext)[pri:0, instance:Test_Runner.PublicDonationRunner@793f29ff]" started-at="2024-03-04T11:50:12 IST" name="setUpClass" test-instance-name="Public Donation" finished-at="2024-03-04T11:50:12 IST" duration-ms="43" status="PASS">
          <params>
            <param index="0">
              <value>
                <![CDATA[org.testng.TestRunner@38cedb7d]]>
              </value>
            </param>
          </params>
          <reporter-output>
          </reporter-output>
        </test-method> <!-- setUpClass -->
        <test-method signature="runScenario(io.cucumber.testng.PickleWrapper,io.cucumber.testng.FeatureWrapper)[pri:0, instance:Test_Runner.PublicDonationRunner@793f29ff]" started-at="2024-03-04T11:50:12 IST" name="runScenario" description="Runs Cucumber Scenarios" data-provider="scenarios" test-instance-name="Public Donation" finished-at="2024-03-04T11:51:21 IST" duration-ms="68479" status="PASS">
          <params>
            <param index="0">
              <value>
                <![CDATA["Check public donation with valid inputs"]]>
              </value>
            </param>
            <param index="1">
              <value>
                <![CDATA["Public Donation"]]>
              </value>
            </param>
          </params>
          <reporter-output>
          </reporter-output>
        </test-method> <!-- runScenario -->
        <test-method is-config="true" signature="tearDownClass()[pri:0, instance:Test_Runner.PublicDonationRunner@793f29ff]" started-at="2024-03-04T11:51:21 IST" name="tearDownClass" test-instance-name="Public Donation" finished-at="2024-03-04T11:51:21 IST" duration-ms="42" status="PASS">
          <reporter-output>
          </reporter-output>
        </test-method> <!-- tearDownClass -->
      </class> <!-- Test_Runner.PublicDonationRunner -->
    </test> <!-- Public Donation Functionality -->
  </suite> <!-- Affnetz Test Suite -->
</testng-results>
