<?xml version="1.0" encoding="UTF-8"?>
<testng-results ignored="0" total="1" passed="1" failed="0" skipped="0">
  <reporter-output>
  </reporter-output>
  <suite started-at="2024-03-01T17:03:04 IST" name="Default suite" finished-at="2024-03-01T17:03:45 IST" duration-ms="40296">
    <groups>
      <group name="cucumber">
        <method signature="AbstractTestNGCucumberTests.runScenario(io.cucumber.testng.PickleWrapper,io.cucumber.testng.FeatureWrapper)[pri:0, instance:Test_Runner.PublicDonationRunner@45099dd3]" name="runScenario" class="io.cucumber.testng.AbstractTestNGCucumberTests"/>
      </group> <!-- cucumber -->
    </groups>
    <test started-at="2024-03-01T17:03:04 IST" name="Default test" finished-at="2024-03-01T17:03:45 IST" duration-ms="40296">
      <class name="Test_Runner.PublicDonationRunner">
        <test-method is-config="true" signature="setUpClass(org.testng.ITestContext)[pri:0, instance:Test_Runner.PublicDonationRunner@45099dd3]" started-at="2024-03-01T17:03:04 IST" name="setUpClass" test-instance-name="Public Donation" finished-at="2024-03-01T17:03:05 IST" duration-ms="734" status="PASS">
          <params>
            <param index="0">
              <value>
                <![CDATA[org.testng.TestRunner@2f897dab]]>
              </value>
            </param>
          </params>
          <reporter-output>
          </reporter-output>
        </test-method> <!-- setUpClass -->
        <test-method signature="runScenario(io.cucumber.testng.PickleWrapper,io.cucumber.testng.FeatureWrapper)[pri:0, instance:Test_Runner.PublicDonationRunner@45099dd3]" started-at="2024-03-01T17:03:05 IST" name="runScenario" description="Runs Cucumber Scenarios" data-provider="scenarios" test-instance-name="Public Donation" finished-at="2024-03-01T17:03:44 IST" duration-ms="39415" status="PASS">
          <params>
            <param index="0">
              <value>
                <![CDATA["Check public donation with valid inputs"]]>
              </value>
            </param>
            <param index="1">
              <value>
                <![CDATA["Public Donation"]]>
              </value>
            </param>
          </params>
          <reporter-output>
          </reporter-output>
        </test-method> <!-- runScenario -->
        <test-method is-config="true" signature="tearDownClass()[pri:0, instance:Test_Runner.PublicDonationRunner@45099dd3]" started-at="2024-03-01T17:03:44 IST" name="tearDownClass" test-instance-name="Public Donation" finished-at="2024-03-01T17:03:45 IST" duration-ms="70" status="PASS">
          <reporter-output>
          </reporter-output>
        </test-method> <!-- tearDownClass -->
      </class> <!-- Test_Runner.PublicDonationRunner -->
    </test> <!-- Default test -->
  </suite> <!-- Default suite -->
</testng-results>
